<?xml version="1.0" encoding="UTF-8"?>
<testsuite name="com.hfych2.brickdestroy.model.PlayerTest" tests="7" skipped="0" failures="0" errors="0" timestamp="2021-12-09T15:03:33" hostname="LAPTOP-SAC9PCRG" time="0.24">
  <properties/>
  <testcase name="impact" classname="com.hfych2.brickdestroy.model.PlayerTest" time="0.0"/>
  <testcase name="moveTo" classname="com.hfych2.brickdestroy.model.PlayerTest" time="0.0"/>
  <testcase name="moveLeft" classname="com.hfych2.brickdestroy.model.PlayerTest" time="0.0"/>
  <testcase name="move" classname="com.hfych2.brickdestroy.model.PlayerTest" time="0.0"/>
  <testcase name="stop" classname="com.hfych2.brickdestroy.model.PlayerTest" time="0.0"/>
  <testcase name="moveRight" classname="com.hfych2.brickdestroy.model.PlayerTest" time="0.0"/>
  <testcase name="getPlayerFace" classname="com.hfych2.brickdestroy.model.PlayerTest" time="0.0"/>
  <system-out><![CDATA[]]></system-out>
  <system-err><![CDATA[]]></system-err>
</testsuite>
