<?xml version="1.0" encoding="UTF-8"?>
<testsuite name="com.hfych2.brickdestroy.view.HomeMenuTest" tests="10" skipped="0" failures="0" errors="0" timestamp="2021-12-07T11:19:45" hostname="LAPTOP-SAC9PCRG" time="0.359">
  <properties/>
  <testcase name="getInfoButton" classname="com.hfych2.brickdestroy.view.HomeMenuTest" time="0.0"/>
  <testcase name="setStartClicked" classname="com.hfych2.brickdestroy.view.HomeMenuTest" time="0.001"/>
  <testcase name="getExitButton" classname="com.hfych2.brickdestroy.view.HomeMenuTest" time="0.001"/>
  <testcase name="isStartClicked" classname="com.hfych2.brickdestroy.view.HomeMenuTest" time="0.0"/>
  <testcase name="setExitClicked" classname="com.hfych2.brickdestroy.view.HomeMenuTest" time="0.001"/>
  <testcase name="setInfoClicked" classname="com.hfych2.brickdestroy.view.HomeMenuTest" time="0.0"/>
  <testcase name="getStartButton" classname="com.hfych2.brickdestroy.view.HomeMenuTest" time="0.0"/>
  <testcase name="isExitClicked" classname="com.hfych2.brickdestroy.view.HomeMenuTest" time="0.0"/>
  <testcase name="isInfoClicked" classname="com.hfych2.brickdestroy.view.HomeMenuTest" time="0.0"/>
  <testcase name="getOwner" classname="com.hfych2.brickdestroy.view.HomeMenuTest" time="0.0"/>
  <system-out><![CDATA[]]></system-out>
  <system-err><![CDATA[]]></system-err>
</testsuite>
