<?xml version="1.0" encoding="UTF-8"?>
<testsuite name="com.hfych2.brickdestroy.model.LevelsTest" tests="2" skipped="0" failures="0" errors="0" timestamp="2021-12-07T11:19:44" hostname="LAPTOP-SAC9PCRG" time="0.001">
  <properties/>
  <testcase name="setLevel" classname="com.hfych2.brickdestroy.model.LevelsTest" time="0.0"/>
  <testcase name="getLevel" classname="com.hfych2.brickdestroy.model.LevelsTest" time="0.001"/>
  <system-out><![CDATA[]]></system-out>
  <system-err><![CDATA[]]></system-err>
</testsuite>
